Using pre-set license
Built from '2020.3/staging' branch; Version is '2020.3.24f1 (79c78de19888) revision 7980941'; Using compiler version '192528614'; Build Type 'Release'
OS: 'Windows 10  (10.0.17763) 64bit Education' Language: 'en' Physical Memory: 3919 MB
BatchMode: 1, IsHumanControllingUs: 0, StartBugReporterOnCrash: 0, Is64bit: 1, IsPro: 0

COMMAND LINE ARGUMENTS:
C:\Users\dearaujo_882564\Documents\Unity 2020.3.24f1\Editor\Unity.exe
-adb2
-batchMode
-noUpm
-name
AssetImportWorker3
-projectPath
C:/Users/dearaujo_882564/Documents/Space Blaster
-logFile
Logs/AssetImportWorker3.log
-srvPort
61694
Successfully changed project path to: C:/Users/dearaujo_882564/Documents/Space Blaster
C:/Users/dearaujo_882564/Documents/Space Blaster
Using Asset Import Pipeline V2.
Refreshing native plugins compatible for Editor in 455.81 ms, found 2 plugins.
Preloading 0 native plugins for Editor in 0.00 ms.
Initialize engine version: 2020.3.24f1 (79c78de19888)
[Subsystems] Discovering subsystems at path C:/Users/dearaujo_882564/Documents/Unity 2020.3.24f1/Editor/Data/Resources/UnitySubsystems
[Subsystems] Discovering subsystems at path C:/Users/dearaujo_882564/Documents/Space Blaster/Assets
GfxDevice: creating device client; threaded=0
Direct3D:
    Version:  Direct3D 11.0 [level 11.1]
    Renderer: Intel(R) UHD Graphics 605 (ID=0x3184)
    Vendor:   
    VRAM:     1959 MB
    Driver:   23.20.16.4973
Initialize mono
Mono path[0] = 'C:/Users/dearaujo_882564/Documents/Unity 2020.3.24f1/Editor/Data/Managed'
Mono path[1] = 'C:/Users/dearaujo_882564/Documents/Unity 2020.3.24f1/Editor/Data/MonoBleedingEdge/lib/mono/unityjit'
Mono config path = 'C:/Users/dearaujo_882564/Documents/Unity 2020.3.24f1/Editor/Data/MonoBleedingEdge/etc'
Using monoOptions --debugger-agent=transport=dt_socket,embedding=1,server=y,suspend=n,address=127.0.0.1:56136
Begin MonoManager ReloadAssembly
Registering precompiled unity dll's ...
Register platform support module: C:/Users/dearaujo_882564/Documents/Unity 2020.3.24f1/Editor/Data/PlaybackEngines/WindowsStandaloneSupport/UnityEditor.WindowsStandalone.Extensions.dll
Registered in 0.013085 seconds.
Native extension for WindowsStandalone target not found
Refreshing native plugins compatible for Editor in 262.07 ms, found 2 plugins.
Preloading 0 native plugins for Editor in 0.00 ms.
Mono: successfully reloaded assembly
- Completed reload, in  2.223 seconds
Domain Reload Profiling:
	ReloadAssembly (2224ms)
		BeginReloadAssembly (360ms)
			ExecutionOrderSort (0ms)
			DisableScriptedObjects (0ms)
			BackupInstance (0ms)
			ReleaseScriptingObjects (0ms)
			CreateAndSetChildDomain (2ms)
		EndReloadAssembly (1648ms)
			LoadAssemblies (357ms)
			RebuildTransferFunctionScriptingTraits (0ms)
			SetupTypeCache (468ms)
			ReleaseScriptCaches (0ms)
			RebuildScriptCaches (88ms)
			SetupLoadedEditorAssemblies (587ms)
				LogAssemblyErrors (0ms)
				InitializePlatformSupportModulesInManaged (11ms)
				SetLoadedEditorAssemblies (1ms)
				RefreshPlugins (262ms)
				BeforeProcessingInitializeOnLoad (37ms)
				ProcessInitializeOnLoadAttributes (202ms)
				ProcessInitializeOnLoadMethodAttributes (73ms)
				AfterProcessingInitializeOnLoad (0ms)
				EditorAssembliesLoaded (1ms)
			ExecutionOrderSort2 (0ms)
			AwakeInstancesAfterBackupRestoration (0ms)
Platform modules already initialized, skipping
Registering precompiled user dll's ...
Registered in 0.111412 seconds.
Begin MonoManager ReloadAssembly
Native extension for WindowsStandalone target not found
Refreshing native plugins compatible for Editor in 214.54 ms, found 2 plugins.
Preloading 0 native plugins for Editor in 0.00 ms.
Mono: successfully reloaded assembly
- Completed reload, in  4.711 seconds
Domain Reload Profiling:
	ReloadAssembly (4719ms)
		BeginReloadAssembly (637ms)
			ExecutionOrderSort (0ms)
			DisableScriptedObjects (11ms)
			BackupInstance (0ms)
			ReleaseScriptingObjects (0ms)
			CreateAndSetChildDomain (42ms)
		EndReloadAssembly (3864ms)
			LoadAssemblies (1005ms)
			RebuildTransferFunctionScriptingTraits (0ms)
			SetupTypeCache (1162ms)
			ReleaseScriptCaches (2ms)
			RebuildScriptCaches (200ms)
			SetupLoadedEditorAssemblies (1323ms)
				LogAssemblyErrors (0ms)
				InitializePlatformSupportModulesInManaged (8ms)
				SetLoadedEditorAssemblies (0ms)
				RefreshPlugins (215ms)
				BeforeProcessingInitializeOnLoad (309ms)
				ProcessInitializeOnLoadAttributes (619ms)
				ProcessInitializeOnLoadMethodAttributes (154ms)
				AfterProcessingInitializeOnLoad (17ms)
				EditorAssembliesLoaded (1ms)
			ExecutionOrderSort2 (0ms)
			AwakeInstancesAfterBackupRestoration (16ms)
Platform modules already initialized, skipping
========================================================================
Worker process is ready to serve import requests
Launched and connected shader compiler UnityShaderCompiler.exe after 0.28 seconds
Refreshing native plugins compatible for Editor in 2.86 ms, found 2 plugins.
Preloading 0 native plugins for Editor in 0.00 ms.
Unloading 3525 Unused Serialized files (Serialized files now loaded: 0)
System memory in use before: 168.8 MB.
System memory in use after: 169.0 MB.

Unloading 58 unused Assets to reduce memory usage. Loaded Objects now: 3950.
Total: 28.796700 ms (FindLiveObjects: 1.205300 ms CreateObjectMapping: 0.318000 ms MarkObjects: 26.497700 ms  DeleteObjects: 0.771100 ms)

AssetImportParameters requested are different than current active one (requested -> active):
  custom:framework-win-MediaFoundation: 216162199b28c13a410421893ffa2e32 -> 
  custom:video-decoder-ogg-theora: a1e56fd34408186e4bbccfd4996cb3dc -> 
  custom:container-muxer-webm: aa71ff27fc2769a1b78a27578f13a17b -> 
  custom:container-demuxer-webm: 4f35f7cbe854078d1ac9338744f61a02 -> 
  custom:container-demuxer-ogg: 62fdf1f143b41e24485cea50d1cbac27 -> 
  custom:video-encoder-webm-vp8: eb34c28f22e8b96e1ab97ce403110664 -> 
  custom:video-decoder-webm-vp8: 9c59270c3fd7afecdb556c50c9e8de78 -> 
  custom:audio-decoder-ogg-vorbis: bf7c407c2cedff20999df2af8eb42d56 -> 
  custom:audio-encoder-webm-vorbis: bf7c407c2cedff20999df2af8eb42d56 -> 
========================================================================
Received Import Request.
  path: Assets/resources/Sprites/row-1-column-1.jpg
  artifactKey: Guid(dc117ef8323a11349bdbf47fe9cbd5aa) Importer(815301076,1909f56bfc062723c751e8b465ee728b)
Start importing Assets/resources/Sprites/row-1-column-1.jpg using Guid(dc117ef8323a11349bdbf47fe9cbd5aa) Importer(815301076,1909f56bfc062723c751e8b465ee728b)  -> (artifact id: 'e5eb67c69a4e0358eb52b5dff7d8768a') in 0.627593 seconds 
  Import took 0.644939 seconds .

========================================================================
Received Import Request.
  Time since last request: 0.000899 seconds.
  path: Assets/resources/Sprites/SpaceFont.fontsettings
  artifactKey: Guid(55a21f4ed91fa814c894fabf4799599f) Importer(815301076,1909f56bfc062723c751e8b465ee728b)
Start importing Assets/resources/Sprites/SpaceFont.fontsettings using Guid(55a21f4ed91fa814c894fabf4799599f) Importer(815301076,1909f56bfc062723c751e8b465ee728b)  -> (artifact id: '59a10c3292b49c838108fe800eec0e59') in 0.249272 seconds 
  Import took 0.264783 seconds .

========================================================================
Received Import Request.
  Time since last request: 0.000567 seconds.
  path: Assets/resources/Sprites/row-2-column-11.jpg
  artifactKey: Guid(647aa2d822ac0e34e986b2cd1e941d2f) Importer(815301076,1909f56bfc062723c751e8b465ee728b)
Start importing Assets/resources/Sprites/row-2-column-11.jpg using Guid(647aa2d822ac0e34e986b2cd1e941d2f) Importer(815301076,1909f56bfc062723c751e8b465ee728b)  -> (artifact id: '6e7d6bd13aab7895303913bda12f9b76') in 0.236603 seconds 
  Import took 0.255363 seconds .

========================================================================
Received Import Request.
  Time since last request: 0.000967 seconds.
  path: Assets/resources/Sprites/VortexBolt.png
  artifactKey: Guid(0746ba3580962034f8c36caf013610d8) Importer(815301076,1909f56bfc062723c751e8b465ee728b)
Start importing Assets/resources/Sprites/VortexBolt.png using Guid(0746ba3580962034f8c36caf013610d8) Importer(815301076,1909f56bfc062723c751e8b465ee728b)  -> (artifact id: 'afaac488eb0e3367710f7b0dcc4a0263') in 0.091415 seconds 
  Import took 0.117501 seconds .

========================================================================
Received Import Request.
  Time since last request: 1.818212 seconds.
  path: Assets/resources/Sprites/row-2-column-10.jpg
  artifactKey: Guid(1c2af9fa1c9b8b8498419cccc50bfeec) Importer(815301076,1909f56bfc062723c751e8b465ee728b)
Start importing Assets/resources/Sprites/row-2-column-10.jpg using Guid(1c2af9fa1c9b8b8498419cccc50bfeec) Importer(815301076,1909f56bfc062723c751e8b465ee728b)  -> (artifact id: '60c704c741fb8d8b19d07fddd6428050') in 0.073239 seconds 
  Import took 0.089125 seconds .

========================================================================
Received Import Request.
  Time since last request: 147.109237 seconds.
  path: Assets/resources/Sprites/SolarParticle.png
  artifactKey: Guid(9311fe435a2218643a6973259d6c5531) Importer(815301076,1909f56bfc062723c751e8b465ee728b)
Start importing Assets/resources/Sprites/SolarParticle.png using Guid(9311fe435a2218643a6973259d6c5531) Importer(815301076,1909f56bfc062723c751e8b465ee728b)  -> (artifact id: 'ecc9a3588954b0a8dc5124c1445e70e3') in 0.056848 seconds 
  Import took 0.070869 seconds .

========================================================================
Received Import Request.
  Time since last request: 10.528797 seconds.
  path: Assets/resources/Sprites/SpaceBlaster Font 1.png
  artifactKey: Guid(620f829213722be4eab11972de1ed837) Importer(815301076,1909f56bfc062723c751e8b465ee728b)
Start importing Assets/resources/Sprites/SpaceBlaster Font 1.png using Guid(620f829213722be4eab11972de1ed837) Importer(815301076,1909f56bfc062723c751e8b465ee728b)  -> (artifact id: 'f8f18fce1b62ed5c29e3a7a14a93b0bc') in 0.113672 seconds 
  Import took 0.178963 seconds .

========================================================================
Received Import Request.
  Time since last request: 50.192939 seconds.
  path: Assets/resources/Sprites/SpaceBlaster Font 1.png
  artifactKey: Guid(620f829213722be4eab11972de1ed837) Importer(815301076,1909f56bfc062723c751e8b465ee728b)
Start importing Assets/resources/Sprites/SpaceBlaster Font 1.png using Guid(620f829213722be4eab11972de1ed837) Importer(815301076,1909f56bfc062723c751e8b465ee728b)  -> (artifact id: '14b29e6f9b6e19f7d51fb16bdef1ea4b') in 0.046577 seconds 
  Import took 0.060679 seconds .

========================================================================
Received Import Request.
  Time since last request: 41.195642 seconds.
  path: Assets/resources/Sprites/SpaceBlaster Font 1.png
  artifactKey: Guid(620f829213722be4eab11972de1ed837) Importer(815301076,1909f56bfc062723c751e8b465ee728b)
Start importing Assets/resources/Sprites/SpaceBlaster Font 1.png using Guid(620f829213722be4eab11972de1ed837) Importer(815301076,1909f56bfc062723c751e8b465ee728b)  -> (artifact id: '586c3eb7b66533d0f192b825f1f90b02') in 0.046240 seconds 
  Import took 0.059137 seconds .

========================================================================
Received Import Request.
  Time since last request: 99.798203 seconds.
  path: Assets/resources/Sprites/SpaceBlaster Font 1.png
  artifactKey: Guid(620f829213722be4eab11972de1ed837) Importer(815301076,1909f56bfc062723c751e8b465ee728b)
Start importing Assets/resources/Sprites/SpaceBlaster Font 1.png using Guid(620f829213722be4eab11972de1ed837) Importer(815301076,1909f56bfc062723c751e8b465ee728b)  -> (artifact id: 'fba22f069503183870cb47fc6801d719') in 0.259425 seconds 
  Import took 0.272158 seconds .

========================================================================
Received Import Request.
  Time since last request: 181.217817 seconds.
  path: Assets/resources/Sprites/SpaceBlaster Font 1.png
  artifactKey: Guid(620f829213722be4eab11972de1ed837) Importer(815301076,1909f56bfc062723c751e8b465ee728b)
Start importing Assets/resources/Sprites/SpaceBlaster Font 1.png using Guid(620f829213722be4eab11972de1ed837) Importer(815301076,1909f56bfc062723c751e8b465ee728b)  -> (artifact id: '09811cb71188828882c3142246ecbcce') in 0.308974 seconds 
  Import took 0.326995 seconds .

========================================================================
Received Prepare
Registering precompiled user dll's ...
Registered in 0.291446 seconds.
Begin MonoManager ReloadAssembly
Native extension for WindowsStandalone target not found
Refreshing native plugins compatible for Editor in 13.88 ms, found 2 plugins.
Preloading 0 native plugins for Editor in 0.00 ms.
Mono: successfully reloaded assembly
- Completed reload, in  6.455 seconds
Domain Reload Profiling:
	ReloadAssembly (6539ms)
		BeginReloadAssembly (1902ms)
			ExecutionOrderSort (1ms)
			DisableScriptedObjects (329ms)
			BackupInstance (0ms)
			ReleaseScriptingObjects (6ms)
			CreateAndSetChildDomain (670ms)
		EndReloadAssembly (4332ms)
			LoadAssemblies (1276ms)
			RebuildTransferFunctionScriptingTraits (2ms)
			SetupTypeCache (1332ms)
			ReleaseScriptCaches (29ms)
			RebuildScriptCaches (167ms)
			SetupLoadedEditorAssemblies (1451ms)
				LogAssemblyErrors (0ms)
				InitializePlatformSupportModulesInManaged (19ms)
				SetLoadedEditorAssemblies (4ms)
				RefreshPlugins (14ms)
				BeforeProcessingInitializeOnLoad (407ms)
				ProcessInitializeOnLoadAttributes (806ms)
				ProcessInitializeOnLoadMethodAttributes (174ms)
				AfterProcessingInitializeOnLoad (26ms)
				EditorAssembliesLoaded (2ms)
			ExecutionOrderSort2 (0ms)
			AwakeInstancesAfterBackupRestoration (45ms)
Platform modules already initialized, skipping
Refreshing native plugins compatible for Editor in 3.08 ms, found 2 plugins.
Preloading 0 native plugins for Editor in 0.00 ms.
Unloading 3396 Unused Serialized files (Serialized files now loaded: 0)
System memory in use before: 162.8 MB.
System memory in use after: 163.0 MB.

Unloading 50 unused Assets to reduce memory usage. Loaded Objects now: 3968.
Total: 33.925100 ms (FindLiveObjects: 3.071200 ms CreateObjectMapping: 0.763100 ms MarkObjects: 29.662300 ms  DeleteObjects: 0.112800 ms)

AssetImportParameters requested are different than current active one (requested -> active):
  custom:framework-win-MediaFoundation: 216162199b28c13a410421893ffa2e32 -> 
  custom:video-decoder-ogg-theora: a1e56fd34408186e4bbccfd4996cb3dc -> 
  custom:container-muxer-webm: aa71ff27fc2769a1b78a27578f13a17b -> 
  custom:container-demuxer-webm: 4f35f7cbe854078d1ac9338744f61a02 -> 
  custom:container-demuxer-ogg: 62fdf1f143b41e24485cea50d1cbac27 -> 
  custom:video-encoder-webm-vp8: eb34c28f22e8b96e1ab97ce403110664 -> 
  custom:video-decoder-webm-vp8: 9c59270c3fd7afecdb556c50c9e8de78 -> 
  custom:audio-decoder-ogg-vorbis: bf7c407c2cedff20999df2af8eb42d56 -> 
  custom:audio-encoder-webm-vorbis: bf7c407c2cedff20999df2af8eb42d56 -> 
========================================================================
Received Prepare
Refreshing native plugins compatible for Editor in 274.35 ms, found 2 plugins.
Preloading 0 native plugins for Editor in 0.00 ms.
Unloading 48 Unused Serialized files (Serialized files now loaded: 0)
System memory in use before: 96.8 MB.
System memory in use after: 97.0 MB.

Unloading 48 unused Assets to reduce memory usage. Loaded Objects now: 3968.
Total: 330.180100 ms (FindLiveObjects: 4.703400 ms CreateObjectMapping: 0.950200 ms MarkObjects: 323.523700 ms  DeleteObjects: 0.584000 ms)

AssetImportParameters requested are different than current active one (requested -> active):
  custom:framework-win-MediaFoundation: 216162199b28c13a410421893ffa2e32 -> 
  custom:video-decoder-ogg-theora: a1e56fd34408186e4bbccfd4996cb3dc -> 
  custom:container-muxer-webm: aa71ff27fc2769a1b78a27578f13a17b -> 
  custom:container-demuxer-webm: 4f35f7cbe854078d1ac9338744f61a02 -> 
  custom:container-demuxer-ogg: 62fdf1f143b41e24485cea50d1cbac27 -> 
  custom:video-encoder-webm-vp8: eb34c28f22e8b96e1ab97ce403110664 -> 
  custom:video-decoder-webm-vp8: 9c59270c3fd7afecdb556c50c9e8de78 -> 
  custom:audio-decoder-ogg-vorbis: bf7c407c2cedff20999df2af8eb42d56 -> 
  custom:audio-encoder-webm-vorbis: bf7c407c2cedff20999df2af8eb42d56 -> 
========================================================================
Received Prepare
Refreshing native plugins compatible for Editor in 185.48 ms, found 2 plugins.
Preloading 0 native plugins for Editor in 0.00 ms.
Unloading 48 Unused Serialized files (Serialized files now loaded: 0)
System memory in use before: 96.8 MB.
System memory in use after: 97.0 MB.

Unloading 48 unused Assets to reduce memory usage. Loaded Objects now: 3968.
Total: 124.723500 ms (FindLiveObjects: 3.903100 ms CreateObjectMapping: 0.793800 ms MarkObjects: 119.621500 ms  DeleteObjects: 0.118700 ms)

AssetImportParameters requested are different than current active one (requested -> active):
  custom:framework-win-MediaFoundation: 216162199b28c13a410421893ffa2e32 -> 
  custom:video-decoder-ogg-theora: a1e56fd34408186e4bbccfd4996cb3dc -> 
  custom:container-muxer-webm: aa71ff27fc2769a1b78a27578f13a17b -> 
  custom:container-demuxer-webm: 4f35f7cbe854078d1ac9338744f61a02 -> 
  custom:container-demuxer-ogg: 62fdf1f143b41e24485cea50d1cbac27 -> 
  custom:video-encoder-webm-vp8: eb34c28f22e8b96e1ab97ce403110664 -> 
  custom:video-decoder-webm-vp8: 9c59270c3fd7afecdb556c50c9e8de78 -> 
  custom:audio-decoder-ogg-vorbis: bf7c407c2cedff20999df2af8eb42d56 -> 
  custom:audio-encoder-webm-vorbis: bf7c407c2cedff20999df2af8eb42d56 -> 
AssetImportWorkerClient::OnTransportError - code=2 error=End of file
