Using pre-set license
Built from '2020.3/staging' branch; Version is '2020.3.24f1 (79c78de19888) revision 7980941'; Using compiler version '192528614'; Build Type 'Release'
OS: 'Windows 10  (10.0.17763) 64bit Education' Language: 'en' Physical Memory: 3919 MB
BatchMode: 1, IsHumanControllingUs: 0, StartBugReporterOnCrash: 0, Is64bit: 1, IsPro: 0

COMMAND LINE ARGUMENTS:
C:\Users\dearaujo_882564\Documents\Unity 2020.3.24f1\Editor\Unity.exe
-adb2
-batchMode
-noUpm
-name
AssetImportWorker0
-projectPath
C:/Users/dearaujo_882564/Documents/Space Blaster
-logFile
Logs/AssetImportWorker0.log
-srvPort
50207
Successfully changed project path to: C:/Users/dearaujo_882564/Documents/Space Blaster
C:/Users/dearaujo_882564/Documents/Space Blaster
Using Asset Import Pipeline V2.
Refreshing native plugins compatible for Editor in 351.23 ms, found 2 plugins.
Preloading 0 native plugins for Editor in 0.00 ms.
Initialize engine version: 2020.3.24f1 (79c78de19888)
[Subsystems] Discovering subsystems at path C:/Users/dearaujo_882564/Documents/Unity 2020.3.24f1/Editor/Data/Resources/UnitySubsystems
[Subsystems] Discovering subsystems at path C:/Users/dearaujo_882564/Documents/Space Blaster/Assets
GfxDevice: creating device client; threaded=0
Direct3D:
    Version:  Direct3D 11.0 [level 11.1]
    Renderer: Intel(R) UHD Graphics 605 (ID=0x3184)
    Vendor:   
    VRAM:     1959 MB
    Driver:   23.20.16.4973
Initialize mono
Mono path[0] = 'C:/Users/dearaujo_882564/Documents/Unity 2020.3.24f1/Editor/Data/Managed'
Mono path[1] = 'C:/Users/dearaujo_882564/Documents/Unity 2020.3.24f1/Editor/Data/MonoBleedingEdge/lib/mono/unityjit'
Mono config path = 'C:/Users/dearaujo_882564/Documents/Unity 2020.3.24f1/Editor/Data/MonoBleedingEdge/etc'
Using monoOptions --debugger-agent=transport=dt_socket,embedding=1,server=y,suspend=n,address=127.0.0.1:56536
Begin MonoManager ReloadAssembly
Registering precompiled unity dll's ...
Register platform support module: C:/Users/dearaujo_882564/Documents/Unity 2020.3.24f1/Editor/Data/PlaybackEngines/WindowsStandaloneSupport/UnityEditor.WindowsStandalone.Extensions.dll
Registered in 0.011430 seconds.
Native extension for WindowsStandalone target not found
Refreshing native plugins compatible for Editor in 367.13 ms, found 2 plugins.
Preloading 0 native plugins for Editor in 0.00 ms.
Mono: successfully reloaded assembly
- Completed reload, in  2.387 seconds
Domain Reload Profiling:
	ReloadAssembly (2388ms)
		BeginReloadAssembly (425ms)
			ExecutionOrderSort (0ms)
			DisableScriptedObjects (0ms)
			BackupInstance (0ms)
			ReleaseScriptingObjects (0ms)
			CreateAndSetChildDomain (3ms)
		EndReloadAssembly (1690ms)
			LoadAssemblies (427ms)
			RebuildTransferFunctionScriptingTraits (1ms)
			SetupTypeCache (412ms)
			ReleaseScriptCaches (0ms)
			RebuildScriptCaches (85ms)
			SetupLoadedEditorAssemblies (829ms)
				LogAssemblyErrors (0ms)
				InitializePlatformSupportModulesInManaged (19ms)
				SetLoadedEditorAssemblies (0ms)
				RefreshPlugins (369ms)
				BeforeProcessingInitializeOnLoad (69ms)
				ProcessInitializeOnLoadAttributes (275ms)
				ProcessInitializeOnLoadMethodAttributes (98ms)
				AfterProcessingInitializeOnLoad (0ms)
				EditorAssembliesLoaded (0ms)
			ExecutionOrderSort2 (0ms)
			AwakeInstancesAfterBackupRestoration (0ms)
Platform modules already initialized, skipping
Registering precompiled user dll's ...
Registered in 0.120571 seconds.
Begin MonoManager ReloadAssembly
Native extension for WindowsStandalone target not found
Refreshing native plugins compatible for Editor in 190.49 ms, found 2 plugins.
Preloading 0 native plugins for Editor in 0.00 ms.
Mono: successfully reloaded assembly
- Completed reload, in  4.455 seconds
Domain Reload Profiling:
	ReloadAssembly (4463ms)
		BeginReloadAssembly (507ms)
			ExecutionOrderSort (0ms)
			DisableScriptedObjects (11ms)
			BackupInstance (0ms)
			ReleaseScriptingObjects (0ms)
			CreateAndSetChildDomain (41ms)
		EndReloadAssembly (3656ms)
			LoadAssemblies (906ms)
			RebuildTransferFunctionScriptingTraits (0ms)
			SetupTypeCache (1066ms)
			ReleaseScriptCaches (2ms)
			RebuildScriptCaches (136ms)
			SetupLoadedEditorAssemblies (1349ms)
				LogAssemblyErrors (0ms)
				InitializePlatformSupportModulesInManaged (8ms)
				SetLoadedEditorAssemblies (0ms)
				RefreshPlugins (191ms)
				BeforeProcessingInitializeOnLoad (255ms)
				ProcessInitializeOnLoadAttributes (655ms)
				ProcessInitializeOnLoadMethodAttributes (213ms)
				AfterProcessingInitializeOnLoad (27ms)
				EditorAssembliesLoaded (1ms)
			ExecutionOrderSort2 (0ms)
			AwakeInstancesAfterBackupRestoration (31ms)
Platform modules already initialized, skipping
========================================================================
Worker process is ready to serve import requests
Launched and connected shader compiler UnityShaderCompiler.exe after 0.18 seconds
Refreshing native plugins compatible for Editor in 3.04 ms, found 2 plugins.
Preloading 0 native plugins for Editor in 0.00 ms.
Unloading 3673 Unused Serialized files (Serialized files now loaded: 0)
System memory in use before: 245.8 MB.
System memory in use after: 246.1 MB.

Unloading 59 unused Assets to reduce memory usage. Loaded Objects now: 4099.
Total: 20.485300 ms (FindLiveObjects: 1.618900 ms CreateObjectMapping: 0.780300 ms MarkObjects: 17.955100 ms  DeleteObjects: 0.126700 ms)

AssetImportParameters requested are different than current active one (requested -> active):
  custom:framework-win-MediaFoundation: 216162199b28c13a410421893ffa2e32 -> 
  custom:video-decoder-ogg-theora: a1e56fd34408186e4bbccfd4996cb3dc -> 
  custom:container-muxer-webm: aa71ff27fc2769a1b78a27578f13a17b -> 
  custom:container-demuxer-webm: 4f35f7cbe854078d1ac9338744f61a02 -> 
  custom:container-demuxer-ogg: 62fdf1f143b41e24485cea50d1cbac27 -> 
  custom:video-encoder-webm-vp8: eb34c28f22e8b96e1ab97ce403110664 -> 
  custom:video-decoder-webm-vp8: 9c59270c3fd7afecdb556c50c9e8de78 -> 
  custom:audio-decoder-ogg-vorbis: bf7c407c2cedff20999df2af8eb42d56 -> 
  custom:audio-encoder-webm-vorbis: bf7c407c2cedff20999df2af8eb42d56 -> 
========================================================================
Received Import Request.
  path: Assets/resources/Prefabs/enemies/Bosses
  artifactKey: Guid(5512be7688db75e4a9050b4465030303) Importer(815301076,1909f56bfc062723c751e8b465ee728b)
Start importing Assets/resources/Prefabs/enemies/Bosses using Guid(5512be7688db75e4a9050b4465030303) Importer(815301076,1909f56bfc062723c751e8b465ee728b)  -> (artifact id: '2cd2d0465e94c7e3121242621f688a72') in 0.027270 seconds 
  Import took 0.040718 seconds .

========================================================================
Received Prepare
Registering precompiled user dll's ...
Registered in 0.123622 seconds.
Begin MonoManager ReloadAssembly
Native extension for WindowsStandalone target not found
Refreshing native plugins compatible for Editor in 2.79 ms, found 2 plugins.
Preloading 0 native plugins for Editor in 0.00 ms.
Mono: successfully reloaded assembly
- Completed reload, in  4.210 seconds
Domain Reload Profiling:
	ReloadAssembly (4212ms)
		BeginReloadAssembly (483ms)
			ExecutionOrderSort (0ms)
			DisableScriptedObjects (17ms)
			BackupInstance (0ms)
			ReleaseScriptingObjects (0ms)
			CreateAndSetChildDomain (101ms)
		EndReloadAssembly (3548ms)
			LoadAssemblies (878ms)
			RebuildTransferFunctionScriptingTraits (0ms)
			SetupTypeCache (1030ms)
			ReleaseScriptCaches (6ms)
			RebuildScriptCaches (162ms)
			SetupLoadedEditorAssemblies (1383ms)
				LogAssemblyErrors (0ms)
				InitializePlatformSupportModulesInManaged (10ms)
				SetLoadedEditorAssemblies (1ms)
				RefreshPlugins (3ms)
				BeforeProcessingInitializeOnLoad (488ms)
				ProcessInitializeOnLoadAttributes (736ms)
				ProcessInitializeOnLoadMethodAttributes (127ms)
				AfterProcessingInitializeOnLoad (17ms)
				EditorAssembliesLoaded (0ms)
			ExecutionOrderSort2 (0ms)
			AwakeInstancesAfterBackupRestoration (28ms)
Platform modules already initialized, skipping
Refreshing native plugins compatible for Editor in 3.71 ms, found 2 plugins.
Preloading 0 native plugins for Editor in 0.00 ms.
Unloading 3540 Unused Serialized files (Serialized files now loaded: 0)
System memory in use before: 236.4 MB.
System memory in use after: 236.7 MB.

Unloading 51 unused Assets to reduce memory usage. Loaded Objects now: 4101.
Total: 18.571500 ms (FindLiveObjects: 1.480000 ms CreateObjectMapping: 0.742800 ms MarkObjects: 16.247600 ms  DeleteObjects: 0.095600 ms)

AssetImportParameters requested are different than current active one (requested -> active):
  custom:framework-win-MediaFoundation: 216162199b28c13a410421893ffa2e32 -> 
  custom:video-decoder-ogg-theora: a1e56fd34408186e4bbccfd4996cb3dc -> 
  custom:container-muxer-webm: aa71ff27fc2769a1b78a27578f13a17b -> 
  custom:container-demuxer-webm: 4f35f7cbe854078d1ac9338744f61a02 -> 
  custom:container-demuxer-ogg: 62fdf1f143b41e24485cea50d1cbac27 -> 
  custom:video-encoder-webm-vp8: eb34c28f22e8b96e1ab97ce403110664 -> 
  custom:video-decoder-webm-vp8: 9c59270c3fd7afecdb556c50c9e8de78 -> 
  custom:audio-decoder-ogg-vorbis: bf7c407c2cedff20999df2af8eb42d56 -> 
  custom:audio-encoder-webm-vorbis: bf7c407c2cedff20999df2af8eb42d56 -> 
========================================================================
Received Import Request.
  Time since last request: 680.152127 seconds.
  path: Assets/resources/Prefabs/Respawn.prefab
  artifactKey: Guid(4af61376fce9bd64aa156d758d9fd06c) Importer(815301076,1909f56bfc062723c751e8b465ee728b)
Start importing Assets/resources/Prefabs/Respawn.prefab using Guid(4af61376fce9bd64aa156d758d9fd06c) Importer(815301076,1909f56bfc062723c751e8b465ee728b)  -> (artifact id: 'a6b8fd70f0f9c48b6951eaac3568da93') in 0.290243 seconds 
  Import took 0.310455 seconds .

========================================================================
Received Prepare
Registering precompiled user dll's ...
Registered in 0.119313 seconds.
Begin MonoManager ReloadAssembly
Native extension for WindowsStandalone target not found
Refreshing native plugins compatible for Editor in 127.64 ms, found 2 plugins.
Preloading 0 native plugins for Editor in 0.00 ms.
Mono: successfully reloaded assembly
- Completed reload, in 33.523 seconds
Domain Reload Profiling:
	ReloadAssembly (33577ms)
		BeginReloadAssembly (2627ms)
			ExecutionOrderSort (3ms)
			DisableScriptedObjects (270ms)
			BackupInstance (0ms)
			ReleaseScriptingObjects (9ms)
			CreateAndSetChildDomain (998ms)
		EndReloadAssembly (30540ms)
			LoadAssemblies (1505ms)
			RebuildTransferFunctionScriptingTraits (17ms)
			SetupTypeCache (4618ms)
			ReleaseScriptCaches (868ms)
			RebuildScriptCaches (1488ms)
			SetupLoadedEditorAssemblies (5885ms)
				LogAssemblyErrors (0ms)
				InitializePlatformSupportModulesInManaged (79ms)
				SetLoadedEditorAssemblies (5ms)
				RefreshPlugins (132ms)
				BeforeProcessingInitializeOnLoad (3506ms)
				ProcessInitializeOnLoadAttributes (1820ms)
				ProcessInitializeOnLoadMethodAttributes (311ms)
				AfterProcessingInitializeOnLoad (29ms)
				EditorAssembliesLoaded (3ms)
			ExecutionOrderSort2 (0ms)
			AwakeInstancesAfterBackupRestoration (60ms)
Platform modules already initialized, skipping
Refreshing native plugins compatible for Editor in 3.29 ms, found 2 plugins.
Preloading 0 native plugins for Editor in 0.00 ms.
Unloading 3540 Unused Serialized files (Serialized files now loaded: 0)
System memory in use before: 236.5 MB.
System memory in use after: 236.7 MB.

Unloading 51 unused Assets to reduce memory usage. Loaded Objects now: 4103.
Total: 49.137200 ms (FindLiveObjects: 4.896800 ms CreateObjectMapping: 3.607500 ms MarkObjects: 39.925300 ms  DeleteObjects: 0.418700 ms)

AssetImportParameters requested are different than current active one (requested -> active):
  custom:framework-win-MediaFoundation: 216162199b28c13a410421893ffa2e32 -> 
  custom:video-decoder-ogg-theora: a1e56fd34408186e4bbccfd4996cb3dc -> 
  custom:container-muxer-webm: aa71ff27fc2769a1b78a27578f13a17b -> 
  custom:container-demuxer-webm: 4f35f7cbe854078d1ac9338744f61a02 -> 
  custom:container-demuxer-ogg: 62fdf1f143b41e24485cea50d1cbac27 -> 
  custom:video-encoder-webm-vp8: eb34c28f22e8b96e1ab97ce403110664 -> 
  custom:video-decoder-webm-vp8: 9c59270c3fd7afecdb556c50c9e8de78 -> 
  custom:audio-decoder-ogg-vorbis: bf7c407c2cedff20999df2af8eb42d56 -> 
  custom:audio-encoder-webm-vorbis: bf7c407c2cedff20999df2af8eb42d56 -> 
========================================================================
Received Prepare
Refreshing native plugins compatible for Editor in 696.62 ms, found 2 plugins.
Preloading 0 native plugins for Editor in 0.00 ms.
Unloading 49 Unused Serialized files (Serialized files now loaded: 0)
System memory in use before: 167.7 MB.
System memory in use after: 167.9 MB.

Unloading 49 unused Assets to reduce memory usage. Loaded Objects now: 4103.
Total: 1412.998800 ms (FindLiveObjects: 151.623600 ms CreateObjectMapping: 3.580700 ms MarkObjects: 1256.837600 ms  DeleteObjects: 0.656700 ms)

AssetImportParameters requested are different than current active one (requested -> active):
  custom:framework-win-MediaFoundation: 216162199b28c13a410421893ffa2e32 -> 
  custom:video-decoder-ogg-theora: a1e56fd34408186e4bbccfd4996cb3dc -> 
  custom:container-muxer-webm: aa71ff27fc2769a1b78a27578f13a17b -> 
  custom:container-demuxer-webm: 4f35f7cbe854078d1ac9338744f61a02 -> 
  custom:container-demuxer-ogg: 62fdf1f143b41e24485cea50d1cbac27 -> 
  custom:video-encoder-webm-vp8: eb34c28f22e8b96e1ab97ce403110664 -> 
  custom:video-decoder-webm-vp8: 9c59270c3fd7afecdb556c50c9e8de78 -> 
  custom:audio-decoder-ogg-vorbis: bf7c407c2cedff20999df2af8eb42d56 -> 
  custom:audio-encoder-webm-vorbis: bf7c407c2cedff20999df2af8eb42d56 -> 
========================================================================
Received Import Request.
  Time since last request: 1079.671363 seconds.
  path: Assets/resources/Prefabs/enemies/BasicTurret.prefab
  artifactKey: Guid(ab3e4c20f465ff742a0cb9c2a031cadb) Importer(815301076,1909f56bfc062723c751e8b465ee728b)
Start importing Assets/resources/Prefabs/enemies/BasicTurret.prefab using Guid(ab3e4c20f465ff742a0cb9c2a031cadb) Importer(815301076,1909f56bfc062723c751e8b465ee728b)  -> (artifact id: '6566610badf945db6a7b436a3bf17600') in 4.558166 seconds 
  Import took 6.066597 seconds .

========================================================================
Received Import Request.
  Time since last request: 3.383806 seconds.
  path: Assets/resources/Prefabs/enemies/BasicTurret.prefab
  artifactKey: Guid(ab3e4c20f465ff742a0cb9c2a031cadb) Importer(815301076,1909f56bfc062723c751e8b465ee728b)
Start importing Assets/resources/Prefabs/enemies/BasicTurret.prefab using Guid(ab3e4c20f465ff742a0cb9c2a031cadb) Importer(815301076,1909f56bfc062723c751e8b465ee728b)  -> (artifact id: 'a62c16708e54eb6ff64d7e9794e929e3') in 0.275109 seconds 
  Import took 0.342333 seconds .

========================================================================
Received Prepare
Registering precompiled user dll's ...
Registered in 0.245652 seconds.
Begin MonoManager ReloadAssembly
Native extension for WindowsStandalone target not found
Refreshing native plugins compatible for Editor in 48.04 ms, found 2 plugins.
Preloading 0 native plugins for Editor in 0.00 ms.
Mono: successfully reloaded assembly
- Completed reload, in 40.656 seconds
Domain Reload Profiling:
	ReloadAssembly (40678ms)
		BeginReloadAssembly (4696ms)
			ExecutionOrderSort (0ms)
			DisableScriptedObjects (335ms)
			BackupInstance (0ms)
			ReleaseScriptingObjects (3ms)
			CreateAndSetChildDomain (2744ms)
		EndReloadAssembly (35602ms)
			LoadAssemblies (1977ms)
			RebuildTransferFunctionScriptingTraits (1ms)
			SetupTypeCache (28907ms)
			ReleaseScriptCaches (235ms)
			RebuildScriptCaches (676ms)
			SetupLoadedEditorAssemblies (2377ms)
				LogAssemblyErrors (0ms)
				InitializePlatformSupportModulesInManaged (73ms)
				SetLoadedEditorAssemblies (7ms)
				RefreshPlugins (49ms)
				BeforeProcessingInitializeOnLoad (1054ms)
				ProcessInitializeOnLoadAttributes (965ms)
				ProcessInitializeOnLoadMethodAttributes (205ms)
				AfterProcessingInitializeOnLoad (23ms)
				EditorAssembliesLoaded (1ms)
			ExecutionOrderSort2 (0ms)
			AwakeInstancesAfterBackupRestoration (82ms)
Platform modules already initialized, skipping
Refreshing native plugins compatible for Editor in 3.11 ms, found 2 plugins.
Preloading 0 native plugins for Editor in 0.00 ms.
Unloading 3540 Unused Serialized files (Serialized files now loaded: 0)
System memory in use before: 241.7 MB.
System memory in use after: 241.9 MB.

Unloading 51 unused Assets to reduce memory usage. Loaded Objects now: 4150.
Total: 21.040200 ms (FindLiveObjects: 1.277200 ms CreateObjectMapping: 1.754500 ms MarkObjects: 17.660900 ms  DeleteObjects: 0.336400 ms)

AssetImportParameters requested are different than current active one (requested -> active):
  custom:framework-win-MediaFoundation: 216162199b28c13a410421893ffa2e32 -> 
  custom:video-decoder-ogg-theora: a1e56fd34408186e4bbccfd4996cb3dc -> 
  custom:container-muxer-webm: aa71ff27fc2769a1b78a27578f13a17b -> 
  custom:container-demuxer-webm: 4f35f7cbe854078d1ac9338744f61a02 -> 
  custom:container-demuxer-ogg: 62fdf1f143b41e24485cea50d1cbac27 -> 
  custom:video-encoder-webm-vp8: eb34c28f22e8b96e1ab97ce403110664 -> 
  custom:video-decoder-webm-vp8: 9c59270c3fd7afecdb556c50c9e8de78 -> 
  custom:audio-decoder-ogg-vorbis: bf7c407c2cedff20999df2af8eb42d56 -> 
  custom:audio-encoder-webm-vorbis: bf7c407c2cedff20999df2af8eb42d56 -> 
========================================================================
Received Prepare
Registering precompiled user dll's ...
Registered in 0.086558 seconds.
Begin MonoManager ReloadAssembly
Native extension for WindowsStandalone target not found
Refreshing native plugins compatible for Editor in 4.58 ms, found 2 plugins.
Preloading 0 native plugins for Editor in 0.00 ms.
Mono: successfully reloaded assembly
- Completed reload, in  4.833 seconds
Domain Reload Profiling:
	ReloadAssembly (4834ms)
		BeginReloadAssembly (513ms)
			ExecutionOrderSort (0ms)
			DisableScriptedObjects (21ms)
			BackupInstance (0ms)
			ReleaseScriptingObjects (0ms)
			CreateAndSetChildDomain (108ms)
		EndReloadAssembly (4123ms)
			LoadAssemblies (1003ms)
			RebuildTransferFunctionScriptingTraits (0ms)
			SetupTypeCache (1091ms)
			ReleaseScriptCaches (5ms)
			RebuildScriptCaches (165ms)
			SetupLoadedEditorAssemblies (1599ms)
				LogAssemblyErrors (0ms)
				InitializePlatformSupportModulesInManaged (12ms)
				SetLoadedEditorAssemblies (1ms)
				RefreshPlugins (5ms)
				BeforeProcessingInitializeOnLoad (364ms)
				ProcessInitializeOnLoadAttributes (874ms)
				ProcessInitializeOnLoadMethodAttributes (315ms)
				AfterProcessingInitializeOnLoad (27ms)
				EditorAssembliesLoaded (1ms)
			ExecutionOrderSort2 (0ms)
			AwakeInstancesAfterBackupRestoration (54ms)
Platform modules already initialized, skipping
Refreshing native plugins compatible for Editor in 2.93 ms, found 2 plugins.
Preloading 0 native plugins for Editor in 0.00 ms.
Unloading 3540 Unused Serialized files (Serialized files now loaded: 0)
System memory in use before: 241.7 MB.
System memory in use after: 241.9 MB.

Unloading 51 unused Assets to reduce memory usage. Loaded Objects now: 4152.
Total: 18.250800 ms (FindLiveObjects: 1.112800 ms CreateObjectMapping: 0.413000 ms MarkObjects: 16.541800 ms  DeleteObjects: 0.176600 ms)

AssetImportParameters requested are different than current active one (requested -> active):
  custom:framework-win-MediaFoundation: 216162199b28c13a410421893ffa2e32 -> 
  custom:video-decoder-ogg-theora: a1e56fd34408186e4bbccfd4996cb3dc -> 
  custom:container-muxer-webm: aa71ff27fc2769a1b78a27578f13a17b -> 
  custom:container-demuxer-webm: 4f35f7cbe854078d1ac9338744f61a02 -> 
  custom:container-demuxer-ogg: 62fdf1f143b41e24485cea50d1cbac27 -> 
  custom:video-encoder-webm-vp8: eb34c28f22e8b96e1ab97ce403110664 -> 
  custom:video-decoder-webm-vp8: 9c59270c3fd7afecdb556c50c9e8de78 -> 
  custom:audio-decoder-ogg-vorbis: bf7c407c2cedff20999df2af8eb42d56 -> 
  custom:audio-encoder-webm-vorbis: bf7c407c2cedff20999df2af8eb42d56 -> 
========================================================================
Received Prepare
Registering precompiled user dll's ...
Registered in 0.831575 seconds.
Begin MonoManager ReloadAssembly
Native extension for WindowsStandalone target not found
Refreshing native plugins compatible for Editor in 3.40 ms, found 2 plugins.
Preloading 0 native plugins for Editor in 0.00 ms.
Mono: successfully reloaded assembly
- Completed reload, in  4.204 seconds
Domain Reload Profiling:
	ReloadAssembly (4225ms)
		BeginReloadAssembly (940ms)
			ExecutionOrderSort (0ms)
			DisableScriptedObjects (131ms)
			BackupInstance (0ms)
			ReleaseScriptingObjects (2ms)
			CreateAndSetChildDomain (308ms)
		EndReloadAssembly (3080ms)
			LoadAssemblies (848ms)
			RebuildTransferFunctionScriptingTraits (2ms)
			SetupTypeCache (901ms)
			ReleaseScriptCaches (8ms)
			RebuildScriptCaches (146ms)
			SetupLoadedEditorAssemblies (1028ms)
				LogAssemblyErrors (0ms)
				InitializePlatformSupportModulesInManaged (14ms)
				SetLoadedEditorAssemblies (3ms)
				RefreshPlugins (4ms)
				BeforeProcessingInitializeOnLoad (348ms)
				ProcessInitializeOnLoadAttributes (530ms)
				ProcessInitializeOnLoadMethodAttributes (113ms)
				AfterProcessingInitializeOnLoad (14ms)
				EditorAssembliesLoaded (2ms)
			ExecutionOrderSort2 (0ms)
			AwakeInstancesAfterBackupRestoration (37ms)
Platform modules already initialized, skipping
Refreshing native plugins compatible for Editor in 2.83 ms, found 2 plugins.
Preloading 0 native plugins for Editor in 0.00 ms.
Unloading 3540 Unused Serialized files (Serialized files now loaded: 0)
System memory in use before: 241.7 MB.
System memory in use after: 242.0 MB.

Unloading 51 unused Assets to reduce memory usage. Loaded Objects now: 4154.
Total: 24.476500 ms (FindLiveObjects: 2.713900 ms CreateObjectMapping: 0.618000 ms MarkObjects: 20.986600 ms  DeleteObjects: 0.148300 ms)

AssetImportParameters requested are different than current active one (requested -> active):
  custom:framework-win-MediaFoundation: 216162199b28c13a410421893ffa2e32 -> 
  custom:video-decoder-ogg-theora: a1e56fd34408186e4bbccfd4996cb3dc -> 
  custom:container-muxer-webm: aa71ff27fc2769a1b78a27578f13a17b -> 
  custom:container-demuxer-webm: 4f35f7cbe854078d1ac9338744f61a02 -> 
  custom:container-demuxer-ogg: 62fdf1f143b41e24485cea50d1cbac27 -> 
  custom:video-encoder-webm-vp8: eb34c28f22e8b96e1ab97ce403110664 -> 
  custom:video-decoder-webm-vp8: 9c59270c3fd7afecdb556c50c9e8de78 -> 
  custom:audio-decoder-ogg-vorbis: bf7c407c2cedff20999df2af8eb42d56 -> 
  custom:audio-encoder-webm-vorbis: bf7c407c2cedff20999df2af8eb42d56 -> 
========================================================================
Received Import Request.
  Time since last request: 62262.645087 seconds.
  path: Assets/resources/Prefabs/enemies/Enemy.prefab
  artifactKey: Guid(dde604e778b26094d9557288a0595e30) Importer(815301076,1909f56bfc062723c751e8b465ee728b)
Start importing Assets/resources/Prefabs/enemies/Enemy.prefab using Guid(dde604e778b26094d9557288a0595e30) Importer(815301076,1909f56bfc062723c751e8b465ee728b)  -> (artifact id: '36b9551611d587e624c68805b9efa940') in 7.576454 seconds 
  Import took 9.707493 seconds .

========================================================================
Received Import Request.
  Time since last request: 7.548798 seconds.
  path: Assets/resources/Prefabs/enemies/BasicTurret.prefab
  artifactKey: Guid(ab3e4c20f465ff742a0cb9c2a031cadb) Importer(815301076,1909f56bfc062723c751e8b465ee728b)
Start importing Assets/resources/Prefabs/enemies/BasicTurret.prefab using Guid(ab3e4c20f465ff742a0cb9c2a031cadb) Importer(815301076,1909f56bfc062723c751e8b465ee728b)  -> (artifact id: '94cf14b783738192ac7637c1f4f5f477') in 0.162819 seconds 
  Import took 0.223367 seconds .

========================================================================
Received Import Request.
  Time since last request: 795.908075 seconds.
  path: Assets/resources/Prefabs/enemies/BasicTurret.prefab
  artifactKey: Guid(ab3e4c20f465ff742a0cb9c2a031cadb) Importer(815301076,1909f56bfc062723c751e8b465ee728b)
Start importing Assets/resources/Prefabs/enemies/BasicTurret.prefab using Guid(ab3e4c20f465ff742a0cb9c2a031cadb) Importer(815301076,1909f56bfc062723c751e8b465ee728b)  -> (artifact id: '72a326ae100ab972ae2a1c791ce4b764') in 0.759342 seconds 
  Import took 1.421122 seconds .

========================================================================
Received Prepare
Registering precompiled user dll's ...
Registered in 0.310585 seconds.
Begin MonoManager ReloadAssembly
Native extension for WindowsStandalone target not found
Refreshing native plugins compatible for Editor in 51.71 ms, found 2 plugins.
Preloading 0 native plugins for Editor in 0.00 ms.
Mono: successfully reloaded assembly
- Completed reload, in 50.983 seconds
Domain Reload Profiling:
	ReloadAssembly (51034ms)
		BeginReloadAssembly (25802ms)
			ExecutionOrderSort (4ms)
			DisableScriptedObjects (336ms)
			BackupInstance (0ms)
			ReleaseScriptingObjects (6ms)
			CreateAndSetChildDomain (4520ms)
		EndReloadAssembly (24475ms)
			LoadAssemblies (26717ms)
			RebuildTransferFunctionScriptingTraits (9ms)
			SetupTypeCache (3798ms)
			ReleaseScriptCaches (1682ms)
			RebuildScriptCaches (553ms)
			SetupLoadedEditorAssemblies (10263ms)
				LogAssemblyErrors (0ms)
				InitializePlatformSupportModulesInManaged (35ms)
				SetLoadedEditorAssemblies (6ms)
				RefreshPlugins (52ms)
				BeforeProcessingInitializeOnLoad (578ms)
				ProcessInitializeOnLoadAttributes (2070ms)
				ProcessInitializeOnLoadMethodAttributes (7437ms)
				AfterProcessingInitializeOnLoad (30ms)
				EditorAssembliesLoaded (54ms)
			ExecutionOrderSort2 (0ms)
			AwakeInstancesAfterBackupRestoration (521ms)
Platform modules already initialized, skipping
Refreshing native plugins compatible for Editor in 237.18 ms, found 2 plugins.
Preloading 0 native plugins for Editor in 0.00 ms.
Unloading 3540 Unused Serialized files (Serialized files now loaded: 0)
System memory in use before: 241.8 MB.
System memory in use after: 242.1 MB.

Unloading 51 unused Assets to reduce memory usage. Loaded Objects now: 4192.
Total: 488.396900 ms (FindLiveObjects: 26.195200 ms CreateObjectMapping: 2.661300 ms MarkObjects: 454.073500 ms  DeleteObjects: 4.895100 ms)

AssetImportParameters requested are different than current active one (requested -> active):
  custom:framework-win-MediaFoundation: 216162199b28c13a410421893ffa2e32 -> 
  custom:video-decoder-ogg-theora: a1e56fd34408186e4bbccfd4996cb3dc -> 
  custom:container-muxer-webm: aa71ff27fc2769a1b78a27578f13a17b -> 
  custom:container-demuxer-webm: 4f35f7cbe854078d1ac9338744f61a02 -> 
  custom:container-demuxer-ogg: 62fdf1f143b41e24485cea50d1cbac27 -> 
  custom:video-encoder-webm-vp8: eb34c28f22e8b96e1ab97ce403110664 -> 
  custom:video-decoder-webm-vp8: 9c59270c3fd7afecdb556c50c9e8de78 -> 
  custom:audio-decoder-ogg-vorbis: bf7c407c2cedff20999df2af8eb42d56 -> 
  custom:audio-encoder-webm-vorbis: bf7c407c2cedff20999df2af8eb42d56 -> 
========================================================================
Received Prepare
Registering precompiled user dll's ...
Registered in 0.325310 seconds.
Begin MonoManager ReloadAssembly
Native extension for WindowsStandalone target not found
Refreshing native plugins compatible for Editor in 2.91 ms, found 2 plugins.
Preloading 0 native plugins for Editor in 0.00 ms.
Mono: successfully reloaded assembly
- Completed reload, in  5.788 seconds
Domain Reload Profiling:
	ReloadAssembly (5813ms)
		BeginReloadAssembly (1720ms)
			ExecutionOrderSort (1ms)
			DisableScriptedObjects (135ms)
			BackupInstance (0ms)
			ReleaseScriptingObjects (4ms)
			CreateAndSetChildDomain (776ms)
		EndReloadAssembly (3484ms)
			LoadAssemblies (983ms)
			RebuildTransferFunctionScriptingTraits (1ms)
			SetupTypeCache (1024ms)
			ReleaseScriptCaches (9ms)
			RebuildScriptCaches (149ms)
			SetupLoadedEditorAssemblies (1190ms)
				LogAssemblyErrors (0ms)
				InitializePlatformSupportModulesInManaged (17ms)
				SetLoadedEditorAssemblies (3ms)
				RefreshPlugins (3ms)
				BeforeProcessingInitializeOnLoad (436ms)
				ProcessInitializeOnLoadAttributes (591ms)
				ProcessInitializeOnLoadMethodAttributes (123ms)
				AfterProcessingInitializeOnLoad (15ms)
				EditorAssembliesLoaded (1ms)
			ExecutionOrderSort2 (0ms)
			AwakeInstancesAfterBackupRestoration (48ms)
Platform modules already initialized, skipping
Refreshing native plugins compatible for Editor in 2.85 ms, found 2 plugins.
Preloading 0 native plugins for Editor in 0.00 ms.
Unloading 3540 Unused Serialized files (Serialized files now loaded: 0)
System memory in use before: 241.8 MB.
System memory in use after: 242.1 MB.

Unloading 51 unused Assets to reduce memory usage. Loaded Objects now: 4194.
Total: 15.602300 ms (FindLiveObjects: 1.026300 ms CreateObjectMapping: 0.248100 ms MarkObjects: 14.202300 ms  DeleteObjects: 0.120900 ms)

AssetImportParameters requested are different than current active one (requested -> active):
  custom:framework-win-MediaFoundation: 216162199b28c13a410421893ffa2e32 -> 
  custom:video-decoder-ogg-theora: a1e56fd34408186e4bbccfd4996cb3dc -> 
  custom:container-muxer-webm: aa71ff27fc2769a1b78a27578f13a17b -> 
  custom:container-demuxer-webm: 4f35f7cbe854078d1ac9338744f61a02 -> 
  custom:container-demuxer-ogg: 62fdf1f143b41e24485cea50d1cbac27 -> 
  custom:video-encoder-webm-vp8: eb34c28f22e8b96e1ab97ce403110664 -> 
  custom:video-decoder-webm-vp8: 9c59270c3fd7afecdb556c50c9e8de78 -> 
  custom:audio-decoder-ogg-vorbis: bf7c407c2cedff20999df2af8eb42d56 -> 
  custom:audio-encoder-webm-vorbis: bf7c407c2cedff20999df2af8eb42d56 -> 
========================================================================
Received Import Request.
  Time since last request: 1437.587767 seconds.
  path: Assets/resources/Prefabs/enemies/BasicTurret.prefab
  artifactKey: Guid(ab3e4c20f465ff742a0cb9c2a031cadb) Importer(815301076,1909f56bfc062723c751e8b465ee728b)
Start importing Assets/resources/Prefabs/enemies/BasicTurret.prefab using Guid(ab3e4c20f465ff742a0cb9c2a031cadb) Importer(815301076,1909f56bfc062723c751e8b465ee728b)  -> (artifact id: '969db4a523babe4341a4837e75237f87') in 0.854692 seconds 
  Import took 0.883390 seconds .

========================================================================
Received Prepare
Registering precompiled user dll's ...
Registered in 0.146584 seconds.
Begin MonoManager ReloadAssembly
Native extension for WindowsStandalone target not found
Refreshing native plugins compatible for Editor in 5.46 ms, found 2 plugins.
Preloading 0 native plugins for Editor in 0.00 ms.
Mono: successfully reloaded assembly
- Completed reload, in  9.664 seconds
Domain Reload Profiling:
	ReloadAssembly (9689ms)
		BeginReloadAssembly (2464ms)
			ExecutionOrderSort (0ms)
			DisableScriptedObjects (226ms)
			BackupInstance (0ms)
			ReleaseScriptingObjects (3ms)
			CreateAndSetChildDomain (1286ms)
		EndReloadAssembly (6964ms)
			LoadAssemblies (1414ms)
			RebuildTransferFunctionScriptingTraits (0ms)
			SetupTypeCache (2112ms)
			ReleaseScriptCaches (14ms)
			RebuildScriptCaches (487ms)
			SetupLoadedEditorAssemblies (2428ms)
				LogAssemblyErrors (0ms)
				InitializePlatformSupportModulesInManaged (29ms)
				SetLoadedEditorAssemblies (4ms)
				RefreshPlugins (6ms)
				BeforeProcessingInitializeOnLoad (1017ms)
				ProcessInitializeOnLoadAttributes (1200ms)
				ProcessInitializeOnLoadMethodAttributes (152ms)
				AfterProcessingInitializeOnLoad (20ms)
				EditorAssembliesLoaded (1ms)
			ExecutionOrderSort2 (0ms)
			AwakeInstancesAfterBackupRestoration (62ms)
Platform modules already initialized, skipping
Refreshing native plugins compatible for Editor in 3.84 ms, found 2 plugins.
Preloading 0 native plugins for Editor in 0.00 ms.
Unloading 3540 Unused Serialized files (Serialized files now loaded: 0)
System memory in use before: 242.0 MB.
System memory in use after: 242.2 MB.

Unloading 51 unused Assets to reduce memory usage. Loaded Objects now: 4232.
Total: 27.411400 ms (FindLiveObjects: 1.382600 ms CreateObjectMapping: 0.631100 ms MarkObjects: 25.137200 ms  DeleteObjects: 0.209700 ms)

AssetImportParameters requested are different than current active one (requested -> active):
  custom:framework-win-MediaFoundation: 216162199b28c13a410421893ffa2e32 -> 
  custom:video-decoder-ogg-theora: a1e56fd34408186e4bbccfd4996cb3dc -> 
  custom:container-muxer-webm: aa71ff27fc2769a1b78a27578f13a17b -> 
  custom:container-demuxer-webm: 4f35f7cbe854078d1ac9338744f61a02 -> 
  custom:container-demuxer-ogg: 62fdf1f143b41e24485cea50d1cbac27 -> 
  custom:video-encoder-webm-vp8: eb34c28f22e8b96e1ab97ce403110664 -> 
  custom:video-decoder-webm-vp8: 9c59270c3fd7afecdb556c50c9e8de78 -> 
  custom:audio-decoder-ogg-vorbis: bf7c407c2cedff20999df2af8eb42d56 -> 
  custom:audio-encoder-webm-vorbis: bf7c407c2cedff20999df2af8eb42d56 -> 
========================================================================
Received Import Request.
  Time since last request: 209.486462 seconds.
  path: Assets/resources/Prefabs/enemies/BasicTurret.prefab
  artifactKey: Guid(ab3e4c20f465ff742a0cb9c2a031cadb) Importer(815301076,1909f56bfc062723c751e8b465ee728b)
Start importing Assets/resources/Prefabs/enemies/BasicTurret.prefab using Guid(ab3e4c20f465ff742a0cb9c2a031cadb) Importer(815301076,1909f56bfc062723c751e8b465ee728b)  -> (artifact id: '06ec72793edabc86f25303e7c0db49e1') in 1.178229 seconds 
  Import took 1.205961 seconds .

========================================================================
Received Prepare
Registering precompiled user dll's ...
Registered in 0.213628 seconds.
Begin MonoManager ReloadAssembly
Native extension for WindowsStandalone target not found
Refreshing native plugins compatible for Editor in 3.14 ms, found 2 plugins.
Preloading 0 native plugins for Editor in 0.00 ms.
Mono: successfully reloaded assembly
- Completed reload, in  6.193 seconds
Domain Reload Profiling:
	ReloadAssembly (6232ms)
		BeginReloadAssembly (2600ms)
			ExecutionOrderSort (0ms)
			DisableScriptedObjects (308ms)
			BackupInstance (0ms)
			ReleaseScriptingObjects (5ms)
			CreateAndSetChildDomain (1563ms)
		EndReloadAssembly (3375ms)
			LoadAssemblies (897ms)
			RebuildTransferFunctionScriptingTraits (1ms)
			SetupTypeCache (954ms)
			ReleaseScriptCaches (11ms)
			RebuildScriptCaches (130ms)
			SetupLoadedEditorAssemblies (1237ms)
				LogAssemblyErrors (0ms)
				InitializePlatformSupportModulesInManaged (11ms)
				SetLoadedEditorAssemblies (2ms)
				RefreshPlugins (3ms)
				BeforeProcessingInitializeOnLoad (356ms)
				ProcessInitializeOnLoadAttributes (731ms)
				ProcessInitializeOnLoadMethodAttributes (118ms)
				AfterProcessingInitializeOnLoad (15ms)
				EditorAssembliesLoaded (0ms)
			ExecutionOrderSort2 (0ms)
			AwakeInstancesAfterBackupRestoration (54ms)
Platform modules already initialized, skipping
Refreshing native plugins compatible for Editor in 3.08 ms, found 2 plugins.
Preloading 0 native plugins for Editor in 0.00 ms.
Unloading 3540 Unused Serialized files (Serialized files now loaded: 0)
System memory in use before: 242.1 MB.
System memory in use after: 242.3 MB.

Unloading 51 unused Assets to reduce memory usage. Loaded Objects now: 4270.
Total: 32.196100 ms (FindLiveObjects: 2.606800 ms CreateObjectMapping: 0.711800 ms MarkObjects: 28.485300 ms  DeleteObjects: 0.130100 ms)

AssetImportParameters requested are different than current active one (requested -> active):
  custom:framework-win-MediaFoundation: 216162199b28c13a410421893ffa2e32 -> 
  custom:video-decoder-ogg-theora: a1e56fd34408186e4bbccfd4996cb3dc -> 
  custom:container-muxer-webm: aa71ff27fc2769a1b78a27578f13a17b -> 
  custom:container-demuxer-webm: 4f35f7cbe854078d1ac9338744f61a02 -> 
  custom:container-demuxer-ogg: 62fdf1f143b41e24485cea50d1cbac27 -> 
  custom:video-encoder-webm-vp8: eb34c28f22e8b96e1ab97ce403110664 -> 
  custom:video-decoder-webm-vp8: 9c59270c3fd7afecdb556c50c9e8de78 -> 
  custom:audio-decoder-ogg-vorbis: bf7c407c2cedff20999df2af8eb42d56 -> 
  custom:audio-encoder-webm-vorbis: bf7c407c2cedff20999df2af8eb42d56 -> 
========================================================================
Received Prepare
Refreshing native plugins compatible for Editor in 426.39 ms, found 2 plugins.
Preloading 0 native plugins for Editor in 0.00 ms.
Unloading 49 Unused Serialized files (Serialized files now loaded: 0)
System memory in use before: 173.3 MB.
System memory in use after: 173.5 MB.

Unloading 49 unused Assets to reduce memory usage. Loaded Objects now: 4270.
Total: 302.364300 ms (FindLiveObjects: 8.117200 ms CreateObjectMapping: 1.055300 ms MarkObjects: 293.023200 ms  DeleteObjects: 0.156200 ms)

AssetImportParameters requested are different than current active one (requested -> active):
  custom:framework-win-MediaFoundation: 216162199b28c13a410421893ffa2e32 -> 
  custom:video-decoder-ogg-theora: a1e56fd34408186e4bbccfd4996cb3dc -> 
  custom:container-muxer-webm: aa71ff27fc2769a1b78a27578f13a17b -> 
  custom:container-demuxer-webm: 4f35f7cbe854078d1ac9338744f61a02 -> 
  custom:container-demuxer-ogg: 62fdf1f143b41e24485cea50d1cbac27 -> 
  custom:video-encoder-webm-vp8: eb34c28f22e8b96e1ab97ce403110664 -> 
  custom:video-decoder-webm-vp8: 9c59270c3fd7afecdb556c50c9e8de78 -> 
  custom:audio-decoder-ogg-vorbis: bf7c407c2cedff20999df2af8eb42d56 -> 
  custom:audio-encoder-webm-vorbis: bf7c407c2cedff20999df2af8eb42d56 -> 
========================================================================
Received Import Request.
  Time since last request: 7910.698471 seconds.
  path: Assets/2D Renderer.asset
  artifactKey: Guid(e62b721cd6e27334b9c23a42d726bbb8) Importer(815301076,1909f56bfc062723c751e8b465ee728b)
Start importing Assets/2D Renderer.asset using Guid(e62b721cd6e27334b9c23a42d726bbb8) Importer(815301076,1909f56bfc062723c751e8b465ee728b)  -> (artifact id: '1846073242e71dfa212e3334f1c4b2f3') in 2.756987 seconds 
  Import took 3.885889 seconds .

========================================================================
Received Import Request.
  Time since last request: 0.002412 seconds.
  path: Assets/Pipeline Asset.asset
  artifactKey: Guid(df20a071a88b33f4fb9716db65f032f6) Importer(815301076,1909f56bfc062723c751e8b465ee728b)
Start importing Assets/Pipeline Asset.asset using Guid(df20a071a88b33f4fb9716db65f032f6) Importer(815301076,1909f56bfc062723c751e8b465ee728b)  -> (artifact id: '971666e4e257988a001301b3d50b8973') in 0.081594 seconds 
  Import took 0.110288 seconds .

========================================================================
Received Import Request.
  Time since last request: 0.000752 seconds.
  path: Assets/Pipeline Asset_Renderer.asset
  artifactKey: Guid(afd8292efc025fc4e81651409f425ec4) Importer(815301076,1909f56bfc062723c751e8b465ee728b)
Start importing Assets/Pipeline Asset_Renderer.asset using Guid(afd8292efc025fc4e81651409f425ec4) Importer(815301076,1909f56bfc062723c751e8b465ee728b)  -> (artifact id: '22eabd50353ff5b23eeb879c508a195b') in 0.095221 seconds 
  Import took 0.119868 seconds .

========================================================================
Received Import Request.
  Time since last request: 0.073604 seconds.
  path: Assets/resources/Sprites/BorderPlaceholder.png
  artifactKey: Guid(a5baf7dcc2884e149beb0f951d068b23) Importer(815301076,1909f56bfc062723c751e8b465ee728b)
Start importing Assets/resources/Sprites/BorderPlaceholder.png using Guid(a5baf7dcc2884e149beb0f951d068b23) Importer(815301076,1909f56bfc062723c751e8b465ee728b)  -> (artifact id: '8c705cf99f9a834be0cd36a289ca2340') in 2.035583 seconds 
  Import took 2.062384 seconds .

========================================================================
Received Import Request.
  Time since last request: 0.000846 seconds.
  path: Assets/resources/Sprites/DirectionIndicator.png
  artifactKey: Guid(338ed60ec43a71e44ade8f596acc48f0) Importer(815301076,1909f56bfc062723c751e8b465ee728b)
Start importing Assets/resources/Sprites/DirectionIndicator.png using Guid(338ed60ec43a71e44ade8f596acc48f0) Importer(815301076,1909f56bfc062723c751e8b465ee728b)  -> (artifact id: 'd1d30d5fe91d2f6fd46c2936981beaf6') in 0.433189 seconds 
  Import took 0.466289 seconds .

========================================================================
Received Import Request.
  Time since last request: 0.000992 seconds.
  path: Assets/resources/Sprites/Crosshair.svg
  artifactKey: Guid(83dc20a26e74ee14c9638e8a492da684) Importer(815301076,1909f56bfc062723c751e8b465ee728b)
Start importing Assets/resources/Sprites/Crosshair.svg using Guid(83dc20a26e74ee14c9638e8a492da684) Importer(815301076,1909f56bfc062723c751e8b465ee728b)  -> (artifact id: '6a83ff0fd7b71019bfb21be6a67a72fd') in 2.558872 seconds 
  Import took 2.597819 seconds .

========================================================================
Received Import Request.
  Time since last request: 0.000768 seconds.
  path: Assets/resources/Sprites/New Material.mat
  artifactKey: Guid(d2227839309e6a84994d198251a173e1) Importer(815301076,1909f56bfc062723c751e8b465ee728b)
Start importing Assets/resources/Sprites/New Material.mat using Guid(d2227839309e6a84994d198251a173e1) Importer(815301076,1909f56bfc062723c751e8b465ee728b)  -> (artifact id: 'b5b5b42848a9cbef0f688ae7ac172ed7') in 0.367351 seconds 
  Import took 0.402554 seconds .

========================================================================
Received Import Request.
  Time since last request: 0.000814 seconds.
  path: Assets/resources/Sprites/EnemyBulletPlaceholder.png
  artifactKey: Guid(450b133aa8646da48b24d044a889f7d7) Importer(815301076,1909f56bfc062723c751e8b465ee728b)
Start importing Assets/resources/Sprites/EnemyBulletPlaceholder.png using Guid(450b133aa8646da48b24d044a889f7d7) Importer(815301076,1909f56bfc062723c751e8b465ee728b)  -> (artifact id: 'f20d9da500b47b6174ce7d43abccadeb') in 0.163718 seconds 
  Import took 0.192393 seconds .

========================================================================
Received Import Request.
  Time since last request: 0.000665 seconds.
  path: Assets/resources/Sprites/SolarSingleIcon.png
  artifactKey: Guid(5cfe1908ad957f64db06df4eb5b1619a) Importer(815301076,1909f56bfc062723c751e8b465ee728b)
Start importing Assets/resources/Sprites/SolarSingleIcon.png using Guid(5cfe1908ad957f64db06df4eb5b1619a) Importer(815301076,1909f56bfc062723c751e8b465ee728b)  -> (artifact id: 'dc5ac638b41a52e1f7cd3326a03a71d8') in 0.124056 seconds 
  Import took 0.150343 seconds .

========================================================================
Received Import Request.
  Time since last request: 0.000827 seconds.
  path: Assets/resources/Sprites/SolarBoostIcon.png
  artifactKey: Guid(68640ae3443769a4ca4a4f18f3031ded) Importer(815301076,1909f56bfc062723c751e8b465ee728b)
Start importing Assets/resources/Sprites/SolarBoostIcon.png using Guid(68640ae3443769a4ca4a4f18f3031ded) Importer(815301076,1909f56bfc062723c751e8b465ee728b)  -> (artifact id: '370c507c27ebb6274f9c354fdab4dacf') in 0.141393 seconds 
  Import took 0.170611 seconds .

========================================================================
Received Import Request.
  Time since last request: 0.001155 seconds.
  path: Assets/resources/Sprites/FontDark.mat
  artifactKey: Guid(9cc4587e8d808004bb693b64c1f924e6) Importer(815301076,1909f56bfc062723c751e8b465ee728b)
Start importing Assets/resources/Sprites/FontDark.mat using Guid(9cc4587e8d808004bb693b64c1f924e6) Importer(815301076,1909f56bfc062723c751e8b465ee728b)  -> (artifact id: 'f96b4b30f0a9c331fc4d887dc1560c8f') in 0.243849 seconds 
  Import took 0.274516 seconds .

========================================================================
Received Import Request.
  Time since last request: 0.000727 seconds.
  path: Assets/resources/Sprites/New Material 1.mat
  artifactKey: Guid(bb65b57b8e666a24db90dd4923fe187e) Importer(815301076,1909f56bfc062723c751e8b465ee728b)
Start importing Assets/resources/Sprites/New Material 1.mat using Guid(bb65b57b8e666a24db90dd4923fe187e) Importer(815301076,1909f56bfc062723c751e8b465ee728b)  -> (artifact id: '9d8d7a435020b8a9d81356193ff3947a') in 0.162242 seconds 
  Import took 0.195406 seconds .

========================================================================
Received Import Request.
  Time since last request: 0.000758 seconds.
  path: Assets/resources/Sprites/SpaceBlaster Font 1.svg
  artifactKey: Guid(85b7969b4ae756141a15f09b193978a9) Importer(815301076,1909f56bfc062723c751e8b465ee728b)
Start importing Assets/resources/Sprites/SpaceBlaster Font 1.svg using Guid(85b7969b4ae756141a15f09b193978a9) Importer(815301076,1909f56bfc062723c751e8b465ee728b)  -> (artifact id: '0948ed209f02d18ada64905ef78a455f') in 0.125511 seconds 
  Import took 0.155524 seconds .

========================================================================
Received Import Request.
  Time since last request: 0.000943 seconds.
  path: Assets/resources/Sprites/Player.svg
  artifactKey: Guid(31f5c648e818838408cd355f58ac3b74) Importer(815301076,1909f56bfc062723c751e8b465ee728b)
Start importing Assets/resources/Sprites/Player.svg using Guid(31f5c648e818838408cd355f58ac3b74) Importer(815301076,1909f56bfc062723c751e8b465ee728b)  -> (artifact id: 'cd5a52392248a86f0974a61ba23827e5') in 0.309952 seconds 
  Import took 0.340945 seconds .

========================================================================
Received Import Request.
  Time since last request: 0.005267 seconds.
  path: Assets/resources/Sprites/enemyHealthbar.png
  artifactKey: Guid(374955935ed450a4bbd4e47959f4c7aa) Importer(815301076,1909f56bfc062723c751e8b465ee728b)
Start importing Assets/resources/Sprites/enemyHealthbar.png using Guid(374955935ed450a4bbd4e47959f4c7aa) Importer(815301076,1909f56bfc062723c751e8b465ee728b)  -> (artifact id: 'e29bede3c9b27c1107bacddd6669c815') in 0.610428 seconds 
  Import took 0.649521 seconds .

========================================================================
Received Import Request.
  Time since last request: 0.001181 seconds.
  path: Assets/resources/Sprites/SpaceFont - Copy.fontsettings
  artifactKey: Guid(fba7dce7470234649a117a1d59315293) Importer(815301076,1909f56bfc062723c751e8b465ee728b)
Start importing Assets/resources/Sprites/SpaceFont - Copy.fontsettings using Guid(fba7dce7470234649a117a1d59315293) Importer(815301076,1909f56bfc062723c751e8b465ee728b)  -> (artifact id: '70a273cb5e536bf476ac63c3a1eb0c4e') in 0.050659 seconds 
  Import took 0.076194 seconds .

========================================================================
Received Import Request.
  Time since last request: 0.000683 seconds.
  path: Assets/resources/Sprites/fONT.mat
  artifactKey: Guid(31c201e5ab47a414495303a3eba95a66) Importer(815301076,1909f56bfc062723c751e8b465ee728b)
Start importing Assets/resources/Sprites/fONT.mat using Guid(31c201e5ab47a414495303a3eba95a66) Importer(815301076,1909f56bfc062723c751e8b465ee728b)  -> (artifact id: '16200de9cf5d2ef9d164bea2797d1730') in 0.126643 seconds 
  Import took 0.172836 seconds .

========================================================================
Received Import Request.
  Time since last request: 0.000985 seconds.
  path: Assets/resources/Sprites/SpaceBlaster Font 1.png
  artifactKey: Guid(620f829213722be4eab11972de1ed837) Importer(815301076,1909f56bfc062723c751e8b465ee728b)
Start importing Assets/resources/Sprites/SpaceBlaster Font 1.png using Guid(620f829213722be4eab11972de1ed837) Importer(815301076,1909f56bfc062723c751e8b465ee728b)  -> (artifact id: '09811cb71188828882c3142246ecbcce') in 0.921125 seconds 
  Import took 0.964759 seconds .

========================================================================
Received Import Request.
  Time since last request: 0.001814 seconds.
  path: Assets/resources/Sprites/CircleIndicator.png
  artifactKey: Guid(deaa92fc350acba4ca91128abb7611e6) Importer(815301076,1909f56bfc062723c751e8b465ee728b)
Start importing Assets/resources/Sprites/CircleIndicator.png using Guid(deaa92fc350acba4ca91128abb7611e6) Importer(815301076,1909f56bfc062723c751e8b465ee728b)  -> (artifact id: 'f7bfd65f8aa9cc7eb035de70a56739f9') in 0.135313 seconds 
  Import took 0.193800 seconds .

========================================================================
Received Import Request.
  Time since last request: 0.000862 seconds.
  path: Assets/resources/Sprites/SpaceFont.fontsettings
  artifactKey: Guid(55a21f4ed91fa814c894fabf4799599f) Importer(815301076,1909f56bfc062723c751e8b465ee728b)
Start importing Assets/resources/Sprites/SpaceFont.fontsettings using Guid(55a21f4ed91fa814c894fabf4799599f) Importer(815301076,1909f56bfc062723c751e8b465ee728b)  -> (artifact id: 'c312904d0afa452b926baf4144bd10da') in 0.069847 seconds 
  Import took 0.113113 seconds .

========================================================================
Received Import Request.
  Time since last request: 0.000784 seconds.
  path: Assets/resources/Sprites/Crosshair.png
  artifactKey: Guid(21a44b51f9116944eb68c0de3de3db67) Importer(815301076,1909f56bfc062723c751e8b465ee728b)
Start importing Assets/resources/Sprites/Crosshair.png using Guid(21a44b51f9116944eb68c0de3de3db67) Importer(815301076,1909f56bfc062723c751e8b465ee728b)  -> (artifact id: '89c6859d735a963e730045dfa8a4b58a') in 0.177314 seconds 
  Import took 0.201865 seconds .

========================================================================
Received Import Request.
  Time since last request: 0.001089 seconds.
  path: Assets/resources/Sprites/EnemyPlaceholder.png
  artifactKey: Guid(af074158a948fe44283f6abb32c37e71) Importer(815301076,1909f56bfc062723c751e8b465ee728b)
Start importing Assets/resources/Sprites/EnemyPlaceholder.png using Guid(af074158a948fe44283f6abb32c37e71) Importer(815301076,1909f56bfc062723c751e8b465ee728b)  -> (artifact id: '27f21b5b1334f72c2ada9d96c49184d6') in 0.136227 seconds 
  Import took 0.161518 seconds .

========================================================================
Received Import Request.
  Time since last request: 0.000931 seconds.
  path: Assets/resources/Sprites/PlayerPlaceholder.png
  artifactKey: Guid(3292fc94274780c4fa1f709c96709c09) Importer(815301076,1909f56bfc062723c751e8b465ee728b)
Start importing Assets/resources/Sprites/PlayerPlaceholder.png using Guid(3292fc94274780c4fa1f709c96709c09) Importer(815301076,1909f56bfc062723c751e8b465ee728b)  -> (artifact id: 'abceeb9728aed023fd007e86878559a2') in 0.109091 seconds 
  Import took 0.132490 seconds .

========================================================================
Received Import Request.
  Time since last request: 0.000630 seconds.
  path: Assets/resources/Sprites/NebulaBolt.png
  artifactKey: Guid(d88986444cde4e741b28b3387128f5ee) Importer(815301076,1909f56bfc062723c751e8b465ee728b)
Start importing Assets/resources/Sprites/NebulaBolt.png using Guid(d88986444cde4e741b28b3387128f5ee) Importer(815301076,1909f56bfc062723c751e8b465ee728b)  -> (artifact id: '8dfe87f810081c77e2df71ce8986e03a') in 0.149199 seconds 
  Import took 0.172955 seconds .

========================================================================
Received Import Request.
  Time since last request: 0.000829 seconds.
  path: Assets/resources/Sprites/SolarParticle.png
  artifactKey: Guid(9311fe435a2218643a6973259d6c5531) Importer(815301076,1909f56bfc062723c751e8b465ee728b)
Start importing Assets/resources/Sprites/SolarParticle.png using Guid(9311fe435a2218643a6973259d6c5531) Importer(815301076,1909f56bfc062723c751e8b465ee728b)  -> (artifact id: 'ecc9a3588954b0a8dc5124c1445e70e3') in 0.207035 seconds 
  Import took 0.238152 seconds .

========================================================================
Received Import Request.
  Time since last request: 0.000719 seconds.
  path: Assets/resources/Sprites/VortexSingleIcon.png
  artifactKey: Guid(026c84bc20ed5f445a72b6c0a088547f) Importer(815301076,1909f56bfc062723c751e8b465ee728b)
Start importing Assets/resources/Sprites/VortexSingleIcon.png using Guid(026c84bc20ed5f445a72b6c0a088547f) Importer(815301076,1909f56bfc062723c751e8b465ee728b)  -> (artifact id: '9727deea4ec11df309c4e5ea3c75bd00') in 0.142055 seconds 
  Import took 0.181324 seconds .

========================================================================
Received Import Request.
  Time since last request: 0.001068 seconds.
  path: Assets/resources/Sprites/NebulaSingleIcon.png
  artifactKey: Guid(3c5614ee50d36f2408b0ee213cadb711) Importer(815301076,1909f56bfc062723c751e8b465ee728b)
Start importing Assets/resources/Sprites/NebulaSingleIcon.png using Guid(3c5614ee50d36f2408b0ee213cadb711) Importer(815301076,1909f56bfc062723c751e8b465ee728b)  -> (artifact id: '34704f97de8d867c358d7b42c33e24b1') in 0.160811 seconds 
  Import took 0.208147 seconds .

========================================================================
Received Import Request.
  Time since last request: 0.000652 seconds.
  path: Assets/resources/Sprites/Font 1 Dark.png
  artifactKey: Guid(2d33e32f4b1083f469780364f13774d2) Importer(815301076,1909f56bfc062723c751e8b465ee728b)
Start importing Assets/resources/Sprites/Font 1 Dark.png using Guid(2d33e32f4b1083f469780364f13774d2) Importer(815301076,1909f56bfc062723c751e8b465ee728b)  -> (artifact id: 'ce966bdbd2c0160b3c3f262cde436a72') in 0.192912 seconds 
  Import took 0.212142 seconds .

========================================================================
Received Import Request.
  Time since last request: 0.000699 seconds.
  path: Assets/resources/Sprites/SolarBolt.png
  artifactKey: Guid(4213fc22d1ae6114cbee451d548f9a45) Importer(815301076,1909f56bfc062723c751e8b465ee728b)
Start importing Assets/resources/Sprites/SolarBolt.png using Guid(4213fc22d1ae6114cbee451d548f9a45) Importer(815301076,1909f56bfc062723c751e8b465ee728b)  -> (artifact id: '90c8c6312f8a3143298e55c5bff7a245') in 0.337521 seconds 
  Import took 0.396643 seconds .

========================================================================
Received Import Request.
  Time since last request: 0.001857 seconds.
  path: Assets/resources/Sprites/VortexParticle.png
  artifactKey: Guid(5103e24b3b84c5b4f9f9b8357bd19242) Importer(815301076,1909f56bfc062723c751e8b465ee728b)
Start importing Assets/resources/Sprites/VortexParticle.png using Guid(5103e24b3b84c5b4f9f9b8357bd19242) Importer(815301076,1909f56bfc062723c751e8b465ee728b)  -> (artifact id: '7c1f9421a776a41e29dd283356caa3f2') in 0.611527 seconds 
  Import took 0.668987 seconds .

========================================================================
Received Import Request.
  Time since last request: 0.001904 seconds.
  path: Assets/resources/Sprites/Font 1.png
  artifactKey: Guid(2e0b0a8133be2444cb558851ed7786c2) Importer(815301076,1909f56bfc062723c751e8b465ee728b)
Start importing Assets/resources/Sprites/Font 1.png using Guid(2e0b0a8133be2444cb558851ed7786c2) Importer(815301076,1909f56bfc062723c751e8b465ee728b)  -> (artifact id: '9292593331964cd7774e41380efa8c34') in 0.451247 seconds 
  Import took 0.549320 seconds .

========================================================================
Received Import Request.
  Time since last request: 0.001174 seconds.
  path: Assets/resources/Sprites/NebulaParticle.png
  artifactKey: Guid(3a2aa5f8a9f6d34419d5792200c8ddf0) Importer(815301076,1909f56bfc062723c751e8b465ee728b)
Start importing Assets/resources/Sprites/NebulaParticle.png using Guid(3a2aa5f8a9f6d34419d5792200c8ddf0) Importer(815301076,1909f56bfc062723c751e8b465ee728b)  -> (artifact id: 'f15bca27b182f1bae87eb3e319786654') in 0.168072 seconds 
  Import took 0.351349 seconds .

========================================================================
Received Import Request.
  Time since last request: 0.000755 seconds.
  path: Assets/resources/Sprites/DumPlayerIdea.svg
  artifactKey: Guid(428188202e1ac854caa2f4eb0bf42fa9) Importer(815301076,1909f56bfc062723c751e8b465ee728b)
Start importing Assets/resources/Sprites/DumPlayerIdea.svg using Guid(428188202e1ac854caa2f4eb0bf42fa9) Importer(815301076,1909f56bfc062723c751e8b465ee728b)  -> (artifact id: '3a3e36dc478ad006e15b2433fbd4260d') in 0.244509 seconds 
  Import took 0.283177 seconds .

========================================================================
Received Import Request.
  Time since last request: 0.000995 seconds.
  path: Assets/resources/Sprites/VortexBolt.png
  artifactKey: Guid(0746ba3580962034f8c36caf013610d8) Importer(815301076,1909f56bfc062723c751e8b465ee728b)
Start importing Assets/resources/Sprites/VortexBolt.png using Guid(0746ba3580962034f8c36caf013610d8) Importer(815301076,1909f56bfc062723c751e8b465ee728b)  -> (artifact id: 'afaac488eb0e3367710f7b0dcc4a0263') in 0.156582 seconds 
  Import took 0.247305 seconds .

